  Game.cpp
C:\Program Files (x86)\Microsoft Visual Studio\2019\Community\VC\Tools\MSVC\14.28.29333\include\cstdlib(24,18): error C2039: 'fabs': is not a member of '`global namespace''
C:\Program Files (x86)\Microsoft Visual Studio\2019\Community\VC\Tools\MSVC\14.28.29333\include\cstdlib(24,22): error C3861: 'fabs': identifier not found
C:\Program Files (x86)\Microsoft Visual Studio\2019\Community\VC\Tools\MSVC\14.28.29333\include\cstdlib(28,18): error C2039: 'fabsf': is not a member of '`global namespace''
C:\Program Files (x86)\Microsoft Visual Studio\2019\Community\VC\Tools\MSVC\14.28.29333\include\cstdlib(28,23): error C3861: 'fabsf': identifier not found
C:\Program Files (x86)\Microsoft Visual Studio\2019\Community\VC\Tools\MSVC\14.28.29333\include\cstdlib(32,18): error C2039: 'fabsl': is not a member of '`global namespace''
C:\Program Files (x86)\Microsoft Visual Studio\2019\Community\VC\Tools\MSVC\14.28.29333\include\cstdlib(32,23): error C3861: 'fabsl': identifier not found
C:\Program Files (x86)\Microsoft Visual Studio\2019\Community\VC\Tools\MSVC\14.28.29333\include\cmath(27,18): error C2039: 'acosf': is not a member of '`global namespace''
C:\Program Files (x86)\Microsoft Visual Studio\2019\Community\VC\Tools\MSVC\14.28.29333\include\cmath(27,23): error C3861: 'acosf': identifier not found
C:\Program Files (x86)\Microsoft Visual Studio\2019\Community\VC\Tools\MSVC\14.28.29333\include\cmath(31,18): error C2039: 'acoshf': is not a member of '`global namespace''
C:\Program Files (x86)\Microsoft Visual Studio\2019\Community\VC\Tools\MSVC\14.28.29333\include\cmath(31,24): error C3861: 'acoshf': identifier not found
C:\Program Files (x86)\Microsoft Visual Studio\2019\Community\VC\Tools\MSVC\14.28.29333\include\cmath(35,18): error C2039: 'asinf': is not a member of '`global namespace''
C:\Program Files (x86)\Microsoft Visual Studio\2019\Community\VC\Tools\MSVC\14.28.29333\include\cmath(35,23): error C3861: 'asinf': identifier not found
C:\Program Files (x86)\Microsoft Visual Studio\2019\Community\VC\Tools\MSVC\14.28.29333\include\cmath(39,18): error C2039: 'asinhf': is not a member of '`global namespace''
C:\Program Files (x86)\Microsoft Visual Studio\2019\Community\VC\Tools\MSVC\14.28.29333\include\cmath(39,24): error C3861: 'asinhf': identifier not found
C:\Program Files (x86)\Microsoft Visual Studio\2019\Community\VC\Tools\MSVC\14.28.29333\include\cmath(43,18): error C2039: 'atanf': is not a member of '`global namespace''
C:\Program Files (x86)\Microsoft Visual Studio\2019\Community\VC\Tools\MSVC\14.28.29333\include\cmath(43,23): error C3861: 'atanf': identifier not found
C:\Program Files (x86)\Microsoft Visual Studio\2019\Community\VC\Tools\MSVC\14.28.29333\include\cmath(47,18): error C2039: 'atanhf': is not a member of '`global namespace''
C:\Program Files (x86)\Microsoft Visual Studio\2019\Community\VC\Tools\MSVC\14.28.29333\include\cmath(47,24): error C3861: 'atanhf': identifier not found
C:\Program Files (x86)\Microsoft Visual Studio\2019\Community\VC\Tools\MSVC\14.28.29333\include\cmath(51,18): error C2039: 'atan2f': is not a member of '`global namespace''
C:\Program Files (x86)\Microsoft Visual Studio\2019\Community\VC\Tools\MSVC\14.28.29333\include\cmath(51,24): error C3861: 'atan2f': identifier not found
C:\Program Files (x86)\Microsoft Visual Studio\2019\Community\VC\Tools\MSVC\14.28.29333\include\cmath(55,18): error C2039: 'cbrtf': is not a member of '`global namespace''
C:\Program Files (x86)\Microsoft Visual Studio\2019\Community\VC\Tools\MSVC\14.28.29333\include\cmath(55,23): error C3861: 'cbrtf': identifier not found
C:\Program Files (x86)\Microsoft Visual Studio\2019\Community\VC\Tools\MSVC\14.28.29333\include\cmath(59,18): error C2039: 'ceilf': is not a member of '`global namespace''
C:\Program Files (x86)\Microsoft Visual Studio\2019\Community\VC\Tools\MSVC\14.28.29333\include\cmath(59,23): error C3861: 'ceilf': identifier not found
C:\Program Files (x86)\Microsoft Visual Studio\2019\Community\VC\Tools\MSVC\14.28.29333\include\cmath(63,18): error C2039: 'copysignf': is not a member of '`global namespace''
C:\Program Files (x86)\Microsoft Visual Studio\2019\Community\VC\Tools\MSVC\14.28.29333\include\cmath(63,27): error C3861: 'copysignf': identifier not found
C:\Program Files (x86)\Microsoft Visual Studio\2019\Community\VC\Tools\MSVC\14.28.29333\include\cmath(67,18): error C2039: 'cosf': is not a member of '`global namespace''
C:\Program Files (x86)\Microsoft Visual Studio\2019\Community\VC\Tools\MSVC\14.28.29333\include\cmath(67,22): error C3861: 'cosf': identifier not found
C:\Program Files (x86)\Microsoft Visual Studio\2019\Community\VC\Tools\MSVC\14.28.29333\include\cmath(71,18): error C2039: 'coshf': is not a member of '`global namespace''
C:\Program Files (x86)\Microsoft Visual Studio\2019\Community\VC\Tools\MSVC\14.28.29333\include\cmath(71,23): error C3861: 'coshf': identifier not found
C:\Program Files (x86)\Microsoft Visual Studio\2019\Community\VC\Tools\MSVC\14.28.29333\include\cmath(75,18): error C2039: 'erff': is not a member of '`global namespace''
C:\Program Files (x86)\Microsoft Visual Studio\2019\Community\VC\Tools\MSVC\14.28.29333\include\cmath(75,22): error C3861: 'erff': identifier not found
C:\Program Files (x86)\Microsoft Visual Studio\2019\Community\VC\Tools\MSVC\14.28.29333\include\cmath(79,18): error C2039: 'erfcf': is not a member of '`global namespace''
C:\Program Files (x86)\Microsoft Visual Studio\2019\Community\VC\Tools\MSVC\14.28.29333\include\cmath(79,23): error C3861: 'erfcf': identifier not found
C:\Program Files (x86)\Microsoft Visual Studio\2019\Community\VC\Tools\MSVC\14.28.29333\include\cmath(83,18): error C2039: 'expf': is not a member of '`global namespace''
C:\Program Files (x86)\Microsoft Visual Studio\2019\Community\VC\Tools\MSVC\14.28.29333\include\cmath(83,22): error C3861: 'expf': identifier not found
C:\Program Files (x86)\Microsoft Visual Studio\2019\Community\VC\Tools\MSVC\14.28.29333\include\cmath(87,18): error C2039: 'exp2f': is not a member of '`global namespace''
C:\Program Files (x86)\Microsoft Visual Studio\2019\Community\VC\Tools\MSVC\14.28.29333\include\cmath(87,23): error C3861: 'exp2f': identifier not found
C:\Program Files (x86)\Microsoft Visual Studio\2019\Community\VC\Tools\MSVC\14.28.29333\include\cmath(91,18): error C2039: 'expm1f': is not a member of '`global namespace''
C:\Program Files (x86)\Microsoft Visual Studio\2019\Community\VC\Tools\MSVC\14.28.29333\include\cmath(91,24): error C3861: 'expm1f': identifier not found
C:\Program Files (x86)\Microsoft Visual Studio\2019\Community\VC\Tools\MSVC\14.28.29333\include\cmath(95,18): error C2039: 'fabsf': is not a member of '`global namespace''
C:\Program Files (x86)\Microsoft Visual Studio\2019\Community\VC\Tools\MSVC\14.28.29333\include\cmath(95,23): error C3861: 'fabsf': identifier not found
C:\Program Files (x86)\Microsoft Visual Studio\2019\Community\VC\Tools\MSVC\14.28.29333\include\cmath(99,18): error C2039: 'fdimf': is not a member of '`global namespace''
C:\Program Files (x86)\Microsoft Visual Studio\2019\Community\VC\Tools\MSVC\14.28.29333\include\cmath(99,23): error C3861: 'fdimf': identifier not found
C:\Program Files (x86)\Microsoft Visual Studio\2019\Community\VC\Tools\MSVC\14.28.29333\include\cmath(103,18): error C2039: 'floorf': is not a member of '`global namespace''
C:\Program Files (x86)\Microsoft Visual Studio\2019\Community\VC\Tools\MSVC\14.28.29333\include\cmath(103,24): error C3861: 'floorf': identifier not found
C:\Program Files (x86)\Microsoft Visual Studio\2019\Community\VC\Tools\MSVC\14.28.29333\include\cmath(107,18): error C2039: 'fmaf': is not a member of '`global namespace''
C:\Program Files (x86)\Microsoft Visual Studio\2019\Community\VC\Tools\MSVC\14.28.29333\include\cmath(107,22): error C3861: 'fmaf': identifier not found
C:\Program Files (x86)\Microsoft Visual Studio\2019\Community\VC\Tools\MSVC\14.28.29333\include\cmath(111,18): error C2039: 'fmaxf': is not a member of '`global namespace''
C:\Program Files (x86)\Microsoft Visual Studio\2019\Community\VC\Tools\MSVC\14.28.29333\include\cmath(111,23): error C3861: 'fmaxf': identifier not found
C:\Program Files (x86)\Microsoft Visual Studio\2019\Community\VC\Tools\MSVC\14.28.29333\include\cmath(115,18): error C2039: 'fminf': is not a member of '`global namespace''
C:\Program Files (x86)\Microsoft Visual Studio\2019\Community\VC\Tools\MSVC\14.28.29333\include\cmath(115,23): error C3861: 'fminf': identifier not found
C:\Program Files (x86)\Microsoft Visual Studio\2019\Community\VC\Tools\MSVC\14.28.29333\include\cmath(119,18): error C2039: 'fmodf': is not a member of '`global namespace''
C:\Program Files (x86)\Microsoft Visual Studio\2019\Community\VC\Tools\MSVC\14.28.29333\include\cmath(119,23): error C3861: 'fmodf': identifier not found
C:\Program Files (x86)\Microsoft Visual Studio\2019\Community\VC\Tools\MSVC\14.28.29333\include\cmath(123,18): error C2039: 'frexpf': is not a member of '`global namespace''
C:\Program Files (x86)\Microsoft Visual Studio\2019\Community\VC\Tools\MSVC\14.28.29333\include\cmath(123,24): error C3861: 'frexpf': identifier not found
C:\Program Files (x86)\Microsoft Visual Studio\2019\Community\VC\Tools\MSVC\14.28.29333\include\cmath(127,18): error C2039: 'hypotf': is not a member of '`global namespace''
C:\Program Files (x86)\Microsoft Visual Studio\2019\Community\VC\Tools\MSVC\14.28.29333\include\cmath(127,24): error C3861: 'hypotf': identifier not found
C:\Program Files (x86)\Microsoft Visual Studio\2019\Community\VC\Tools\MSVC\14.28.29333\include\cmath(131,18): error C2039: 'ilogbf': is not a member of '`global namespace''
C:\Program Files (x86)\Microsoft Visual Studio\2019\Community\VC\Tools\MSVC\14.28.29333\include\cmath(131,24): error C3861: 'ilogbf': identifier not found
C:\Program Files (x86)\Microsoft Visual Studio\2019\Community\VC\Tools\MSVC\14.28.29333\include\cmath(135,18): error C2039: 'ldexpf': is not a member of '`global namespace''
C:\Program Files (x86)\Microsoft Visual Studio\2019\Community\VC\Tools\MSVC\14.28.29333\include\cmath(135,24): error C3861: 'ldexpf': identifier not found
C:\Program Files (x86)\Microsoft Visual Studio\2019\Community\VC\Tools\MSVC\14.28.29333\include\cmath(139,18): error C2039: 'lgammaf': is not a member of '`global namespace''
C:\Program Files (x86)\Microsoft Visual Studio\2019\Community\VC\Tools\MSVC\14.28.29333\include\cmath(139,25): error C3861: 'lgammaf': identifier not found
C:\Program Files (x86)\Microsoft Visual Studio\2019\Community\VC\Tools\MSVC\14.28.29333\include\cmath(143,18): error C2039: 'llrintf': is not a member of '`global namespace''
C:\Program Files (x86)\Microsoft Visual Studio\2019\Community\VC\Tools\MSVC\14.28.29333\include\cmath(143,25): error C3861: 'llrintf': identifier not found
C:\Program Files (x86)\Microsoft Visual Studio\2019\Community\VC\Tools\MSVC\14.28.29333\include\cmath(147,18): error C2039: 'llroundf': is not a member of '`global namespace''
C:\Program Files (x86)\Microsoft Visual Studio\2019\Community\VC\Tools\MSVC\14.28.29333\include\cmath(147,26): error C3861: 'llroundf': identifier not found
C:\Program Files (x86)\Microsoft Visual Studio\2019\Community\VC\Tools\MSVC\14.28.29333\include\cmath(151,18): error C2039: 'logf': is not a member of '`global namespace''
C:\Program Files (x86)\Microsoft Visual Studio\2019\Community\VC\Tools\MSVC\14.28.29333\include\cmath(151,22): error C3861: 'logf': identifier not found
C:\Program Files (x86)\Microsoft Visual Studio\2019\Community\VC\Tools\MSVC\14.28.29333\include\cmath(155,18): error C2039: 'log10f': is not a member of '`global namespace''
C:\Program Files (x86)\Microsoft Visual Studio\2019\Community\VC\Tools\MSVC\14.28.29333\include\cmath(155,24): error C3861: 'log10f': identifier not found
C:\Program Files (x86)\Microsoft Visual Studio\2019\Community\VC\Tools\MSVC\14.28.29333\include\cmath(159,18): error C2039: 'log1pf': is not a member of '`global namespace''
C:\Program Files (x86)\Microsoft Visual Studio\2019\Community\VC\Tools\MSVC\14.28.29333\include\cmath(159,24): error C3861: 'log1pf': identifier not found
C:\Program Files (x86)\Microsoft Visual Studio\2019\Community\VC\Tools\MSVC\14.28.29333\include\cmath(163,18): error C2039: 'log2f': is not a member of '`global namespace''
C:\Program Files (x86)\Microsoft Visual Studio\2019\Community\VC\Tools\MSVC\14.28.29333\include\cmath(163,23): error C3861: 'log2f': identifier not found
C:\Program Files (x86)\Microsoft Visual Studio\2019\Community\VC\Tools\MSVC\14.28.29333\include\cmath(167,18): error C2039: 'logbf': is not a member of '`global namespace''
C:\Program Files (x86)\Microsoft Visual Studio\2019\Community\VC\Tools\MSVC\14.28.29333\include\cmath(167,23): error C3861: 'logbf': identifier not found
C:\Program Files (x86)\Microsoft Visual Studio\2019\Community\VC\Tools\MSVC\14.28.29333\include\cmath(171,18): error C2039: 'lrintf': is not a member of '`global namespace''
C:\Program Files (x86)\Microsoft Visual Studio\2019\Community\VC\Tools\MSVC\14.28.29333\include\cmath(171,24): error C3861: 'lrintf': identifier not found
C:\Program Files (x86)\Microsoft Visual Studio\2019\Community\VC\Tools\MSVC\14.28.29333\include\cmath(175,18): error C2039: 'lroundf': is not a member of '`global namespace''
C:\Program Files (x86)\Microsoft Visual Studio\2019\Community\VC\Tools\MSVC\14.28.29333\include\cmath(175,25): error C3861: 'lroundf': identifier not found
C:\Program Files (x86)\Microsoft Visual Studio\2019\Community\VC\Tools\MSVC\14.28.29333\include\cmath(179,18): error C2039: 'modff': is not a member of '`global namespace''
C:\Program Files (x86)\Microsoft Visual Studio\2019\Community\VC\Tools\MSVC\14.28.29333\include\cmath(179,23): error C3861: 'modff': identifier not found
C:\Program Files (x86)\Microsoft Visual Studio\2019\Community\VC\Tools\MSVC\14.28.29333\include\cmath(183,18): error C2039: 'nearbyintf': is not a member of '`global namespace''
C:\Program Files (x86)\Microsoft Visual Studio\2019\Community\VC\Tools\MSVC\14.28.29333\include\cmath(183,28): error C3861: 'nearbyintf': identifier not found
C:\Program Files (x86)\Microsoft Visual Studio\2019\Community\VC\Tools\MSVC\14.28.29333\include\cmath(187,18): error C2039: 'nextafterf': is not a member of '`global namespace''
C:\Program Files (x86)\Microsoft Visual Studio\2019\Community\VC\Tools\MSVC\14.28.29333\include\cmath(187,28): error C3861: 'nextafterf': identifier not found
C:\Program Files (x86)\Microsoft Visual Studio\2019\Community\VC\Tools\MSVC\14.28.29333\include\cmath(191,18): error C2039: 'nexttowardf': is not a member of '`global namespace''
C:\Program Files (x86)\Microsoft Visual Studio\2019\Community\VC\Tools\MSVC\14.28.29333\include\cmath(191,29): error C3861: 'nexttowardf': identifier not found
C:\Program Files (x86)\Microsoft Visual Studio\2019\Community\VC\Tools\MSVC\14.28.29333\include\cmath(195,18): error C2039: 'powf': is not a member of '`global namespace''
C:\Program Files (x86)\Microsoft Visual Studio\2019\Community\VC\Tools\MSVC\14.28.29333\include\cmath(195,22): error C3861: 'powf': identifier not found
C:\Program Files (x86)\Microsoft Visual Studio\2019\Community\VC\Tools\MSVC\14.28.29333\include\cmath(199,18): error C2039: 'remainderf': is not a member of '`global namespace''
C:\Program Files (x86)\Microsoft Visual Studio\2019\Community\VC\Tools\MSVC\14.28.29333\include\cmath(199,28): error C3861: 'remainderf': identifier not found
C:\Program Files (x86)\Microsoft Visual Studio\2019\Community\VC\Tools\MSVC\14.28.29333\include\cmath(203,18): error C2039: 'remquof': is not a member of '`global namespace''
C:\Program Files (x86)\Microsoft Visual Studio\2019\Community\VC\Tools\MSVC\14.28.29333\include\cmath(203,25): error C3861: 'remquof': identifier not found
C:\Program Files (x86)\Microsoft Visual Studio\2019\Community\VC\Tools\MSVC\14.28.29333\include\cmath(207,18): error C2039: 'rintf': is not a member of '`global namespace''
C:\Program Files (x86)\Microsoft Visual Studio\2019\Community\VC\Tools\MSVC\14.28.29333\include\cmath(207,23): error C3861: 'rintf': identifier not found
C:\Program Files (x86)\Microsoft Visual Studio\2019\Community\VC\Tools\MSVC\14.28.29333\include\cmath(211,18): error C2039: 'roundf': is not a member of '`global namespace''
C:\Program Files (x86)\Microsoft Visual Studio\2019\Community\VC\Tools\MSVC\14.28.29333\include\cmath(211,24): error C3861: 'roundf': identifier not found
C:\Program Files (x86)\Microsoft Visual Studio\2019\Community\VC\Tools\MSVC\14.28.29333\include\cmath(215,18): error C2039: 'scalblnf': is not a member of '`global namespace''
C:\Program Files (x86)\Microsoft Visual Studio\2019\Community\VC\Tools\MSVC\14.28.29333\include\cmath(215,26): fatal error C1003: error count exceeds 100; stopping compilation
